\BOOKMARK [1][-]{section.1}{LM741}{}% 1
\BOOKMARK [2][-]{subsection.1.1}{Transient Analysis}{section.1}% 2
\BOOKMARK [2][-]{subsection.1.2}{AC Analysis}{section.1}% 3
\BOOKMARK [2][-]{subsection.1.3}{DC-offset}{section.1}% 4
\BOOKMARK [2][-]{subsection.1.4}{Load capacitance }{section.1}% 5
\BOOKMARK [1][-]{section.2}{Frequency charactersitcs of some curves}{}% 6
\BOOKMARK [2][-]{subsection.2.1}{FFT}{section.2}% 7
\BOOKMARK [2][-]{subsection.2.2}{FFT-2}{section.2}% 8
\BOOKMARK [2][-]{subsection.2.3}{Tuning}{section.2}% 9
\BOOKMARK [1][-]{section.3}{Decoupling capacitors}{}% 10
\BOOKMARK [2][-]{subsection.3.1}{a}{section.3}% 11
\BOOKMARK [2][-]{subsection.3.2}{b}{section.3}% 12
\BOOKMARK [2][-]{subsection.3.3}{c}{section.3}% 13
\BOOKMARK [2][-]{subsection.3.4}{d}{section.3}% 14
\BOOKMARK [2][-]{subsection.3.5}{f}{section.3}% 15
\BOOKMARK [2][-]{subsection.3.6}{f}{section.3}% 16
\BOOKMARK [1][-]{section.4}{Parasitic capacitive coupling}{}% 17
\BOOKMARK [2][-]{subsection.4.1}{Noise captured}{section.4}% 18
\BOOKMARK [2][-]{subsection.4.2}{Noise after shielding}{section.4}% 19
\BOOKMARK [1][-]{section.5}{Artificial source of transient analysis}{}% 20
\BOOKMARK [2][-]{subsection.5.1}{BV sources}{section.5}% 21
\BOOKMARK [2][-]{subsection.5.2}{BV sources-2}{section.5}% 22
\BOOKMARK [2][-]{subsection.5.3}{BV source file-1}{section.5}% 23
\BOOKMARK [2][-]{subsection.5.4}{Bv source file-2}{section.5}% 24
